<?xml version="1.0" encoding="UTF-8"?>
<testng-results ignored="0" total="2" passed="2" failed="0" skipped="0">
  <reporter-output>
  </reporter-output>
  <suite started-at="2024-09-30T15:45:05 IST" name="Default suite" finished-at="2024-09-30T15:45:06 IST" duration-ms="94">
    <groups>
    </groups>
    <test started-at="2024-09-30T15:45:05 IST" name="Default test" finished-at="2024-09-30T15:45:06 IST" duration-ms="94">
      <class name="after_before_class.Basics_01">
        <test-method is-config="true" signature="beforeTest()[pri:0, instance:after_before_class.Basics_01@57c758ac]" started-at="2024-09-30T15:45:05 IST" name="beforeTest" finished-at="2024-09-30T15:45:05 IST" duration-ms="13" status="PASS">
          <reporter-output>
          </reporter-output>
        </test-method> <!-- beforeTest -->
        <test-method signature="day1()[pri:0, instance:after_before_class.Basics_01@57c758ac]" started-at="2024-09-30T15:45:05 IST" name="day1" finished-at="2024-09-30T15:45:05 IST" duration-ms="16" status="PASS">
          <reporter-output>
          </reporter-output>
        </test-method> <!-- day1 -->
        <test-method signature="day2()[pri:0, instance:after_before_class.Basics_01@57c758ac]" started-at="2024-09-30T15:45:06 IST" name="day2" finished-at="2024-09-30T15:45:06 IST" duration-ms="3" status="PASS">
          <reporter-output>
          </reporter-output>
        </test-method> <!-- day2 -->
        <test-method is-config="true" signature="afterTest()[pri:0, instance:after_before_class.Basics_01@57c758ac]" started-at="2024-09-30T15:45:06 IST" name="afterTest" finished-at="2024-09-30T15:45:06 IST" duration-ms="1" status="PASS">
          <reporter-output>
          </reporter-output>
        </test-method> <!-- afterTest -->
      </class> <!-- after_before_class.Basics_01 -->
    </test> <!-- Default test -->
  </suite> <!-- Default suite -->
</testng-results>
